{
  "RSpec": {
    "coverage": {
      "/Users/barrett/Sites/commonplace/spec/features/general.rb": [
        1,
        1,
        0,
        0,
        0,
        0,
        0,
        0,
        null,
        null
      ],
      "/Users/barrett/Sites/commonplace/spec/features/sign_in.rb": [
        1,
        1,
        0,
        null,
        null,
        1,
        0,
        0,
        null,
        null,
        1,
        6,
        6,
        6,
        6,
        null,
        null,
        1,
        0,
        0,
        0,
        0,
        0,
        null,
        null
      ],
      "/Users/barrett/Sites/commonplace/app/models/source.rb": [
        1,
        1,
        1,
        1,
        null,
        null,
        1,
        null
      ],
      "/Users/barrett/Sites/commonplace/app/models/highlight.rb": [
        1,
        1,
        1,
        1,
        1,
        8,
        1,
        1,
        null,
        null,
        14,
        null,
        null,
        1,
        null,
        7,
        7,
        0,
        null,
        null,
        null,
        null,
        1,
        15,
        null,
        null,
        null,
        1,
        0,
        0,
        0,
        0,
        null,
        0,
        null,
        null,
        null,
        0,
        null,
        0,
        null,
        null,
        null
      ],
      "/Users/barrett/Sites/commonplace/app/models/tagging.rb": [
        1,
        1,
        1,
        null
      ],
      "/Users/barrett/Sites/commonplace/app/models/tag.rb": [
        1,
        1,
        1,
        1,
        1,
        null,
        null,
        14,
        null,
        null,
        1,
        0,
        null,
        null,
        null,
        1,
        0,
        null,
        null
      ],
      "/Users/barrett/Sites/commonplace/app/controllers/highlights_controller.rb": [
        1,
        1,
        1,
        null,
        null,
        1,
        1,
        1,
        1,
        1,
        1,
        0,
        null,
        null,
        null,
        null,
        1,
        13,
        13,
        13,
        0,
        null,
        13,
        0,
        null,
        null,
        13,
        13,
        null,
        null,
        null,
        1,
        0,
        0,
        0,
        0,
        null,
        0,
        null,
        null,
        null,
        1,
        0,
        0,
        0,
        0,
        null,
        0,
        null,
        null,
        null,
        1,
        0,
        0,
        0,
        0,
        null,
        null,
        null,
        1,
        0,
        0,
        0,
        null,
        0,
        0,
        null,
        0,
        null,
        null,
        null,
        null,
        1,
        1,
        null,
        1,
        1,
        null,
        0,
        null,
        null,
        null,
        null,
        1,
        0,
        0,
        0,
        0,
        null,
        null,
        null,
        1,
        0,
        0,
        0,
        0,
        null,
        null,
        null,
        1,
        0,
        0,
        0,
        0,
        null,
        null,
        null,
        1,
        0,
        0,
        0,
        0,
        null,
        null,
        null,
        1,
        0,
        0,
        0,
        null,
        0,
        null,
        null,
        null,
        1,
        0,
        0,
        0,
        null,
        null,
        1,
        null,
        1,
        1,
        null,
        null
      ],
      "/Users/barrett/Sites/commonplace/app/controllers/application_controller.rb": [
        1,
        1,
        1,
        null
      ]
    },
    "timestamp": 1551806448
  }
}
